<?xml version="1.0" encoding="UTF-8"?>
<robot generator="Robot 5.0.1 (Python 3.9.13 on win32)" generated="20230305 10:15:30.376" rpa="true" schemaversion="3">
<suite id="s1" name="Tasks" source="c:\Users\LENOVO\Documents\Juzto\Robocorp - Courses\my-rsb-robot\tasks.robot">
<test id="s1-t1" name="Insert the sales data for the week and export it as a PDF." line="7">
<kw name="Open the intranet website">
<kw name="Open Available Browser" library="RPA.Browser.Selenium">
<arg>https://robotsparebinindustries.com/</arg>
<doc>Attempts to open a browser on the user's device from a set of
supported browsers. Automatically downloads a corresponding webdriver
if none is already installed.</doc>
<msg timestamp="20230305 10:15:33.372" level="INFO">Creating an instance of the Chrome WebDriver.</msg>
<msg timestamp="20230305 10:15:33.380" level="INFO">====== WebDriver manager ======</msg>
<msg timestamp="20230305 10:15:37.668" level="INFO">Creating an instance of the Chrome WebDriver.</msg>
<msg timestamp="20230305 10:15:38.801" level="INFO">Created Chrome browser with arguments: --disable-dev-shm-usage --disable-web-security --allow-running-insecure-content --no-sandbox</msg>
<msg timestamp="20230305 10:15:38.801" level="INFO" html="true">&lt;p&gt;Attempted combinations:&lt;/p&gt;&lt;div class="doc"&gt;&lt;table&gt;&lt;tr&gt;&lt;th&gt;Browser&lt;/th&gt;&lt;th&gt;Download&lt;/th&gt;&lt;th&gt;Error&lt;/th&gt;&lt;/tr&gt;&lt;tr&gt;&lt;td&gt;Chrome&lt;/td&gt;&lt;td&gt;False&lt;/td&gt;&lt;td&gt;Message: 'chromedriver' executable needs to be in PATH. Please see https://chromedriver.chromium.org/home
&lt;/td&gt;&lt;/tr&gt;&lt;tr&gt;&lt;td&gt;Chrome&lt;/td&gt;&lt;td&gt;True&lt;/td&gt;&lt;td&gt;&lt;/td&gt;&lt;/tr&gt;&lt;/table&gt;&lt;/div&gt;</msg>
<msg timestamp="20230305 10:15:38.801" level="INFO">Opening url 'https://robotsparebinindustries.com/'</msg>
<status status="PASS" starttime="20230305 10:15:33.364" endtime="20230305 10:15:40.145"/>
</kw>
<status status="PASS" starttime="20230305 10:15:33.364" endtime="20230305 10:15:40.145"/>
</kw>
<kw name="Log in">
<kw name="Input Text" library="RPA.Browser.Selenium">
<arg>username</arg>
<arg>maria</arg>
<doc>Types the given ``text`` into the text field identified by ``locator``.</doc>
<msg timestamp="20230305 10:15:40.145" level="INFO">Typing text 'maria' into text field 'username'.</msg>
<status status="PASS" starttime="20230305 10:15:40.145" endtime="20230305 10:15:40.265"/>
</kw>
<kw name="Input Password" library="RPA.Browser.Selenium">
<arg>password</arg>
<arg>thoushallnotpass</arg>
<doc>Types the given password into the text field identified by ``locator``.</doc>
<msg timestamp="20230305 10:15:40.265" level="INFO">Typing password into text field 'password'.</msg>
<msg timestamp="20230305 10:15:40.349" level="INFO">Temporally setting log level to: NONE</msg>
<msg timestamp="20230305 10:15:40.432" level="INFO">Log level changed from NONE to INFO.</msg>
<status status="PASS" starttime="20230305 10:15:40.265" endtime="20230305 10:15:40.432"/>
</kw>
<kw name="Submit Form" library="RPA.Browser.Selenium">
<doc>Submits a form identified by ``locator``.</doc>
<msg timestamp="20230305 10:15:40.432" level="INFO">Submitting form 'None'.</msg>
<status status="PASS" starttime="20230305 10:15:40.432" endtime="20230305 10:15:40.464"/>
</kw>
<kw name="Wait Until Page Contains Element" library="RPA.Browser.Selenium">
<arg>id:sales-form</arg>
<doc>Waits until the element ``locator`` appears on the current page.</doc>
<status status="PASS" starttime="20230305 10:15:40.464" endtime="20230305 10:15:42.405"/>
</kw>
<status status="PASS" starttime="20230305 10:15:40.145" endtime="20230305 10:15:42.405"/>
</kw>
<kw name="Download the Excel file">
<kw name="Download" library="RPA.HTTP">
<arg>https://robotsparebinindustries.com/SalesData.xlsx</arg>
<arg>overwrite=True</arg>
<doc>An alias for the ``HTTP Get`` keyword.</doc>
<msg timestamp="20230305 10:15:42.413" level="INFO">Creating a new HTTP session</msg>
<msg timestamp="20230305 10:15:42.413" level="INFO">Creating Session using : alias=rpasession_alias.httpsrobotsparebinindustries.com, url=https://robotsparebinindustries.com, headers={},                     cookies={}, auth=None, timeout=None, proxies=None, verify=True,                     debug=0 </msg>
<status status="PASS" starttime="20230305 10:15:42.413" endtime="20230305 10:15:43.280"/>
</kw>
<status status="PASS" starttime="20230305 10:15:42.405" endtime="20230305 10:15:43.280"/>
</kw>
<kw name="Fill and submit the form">
<kw name="Input Text" library="RPA.Browser.Selenium">
<arg>firstname</arg>
<arg>John</arg>
<doc>Types the given ``text`` into the text field identified by ``locator``.</doc>
<msg timestamp="20230305 10:15:43.280" level="INFO">Typing text 'John' into text field 'firstname'.</msg>
<status status="PASS" starttime="20230305 10:15:43.280" endtime="20230305 10:15:43.395"/>
</kw>
<kw name="Input Text" library="RPA.Browser.Selenium">
<arg>lastname</arg>
<arg>Smith</arg>
<doc>Types the given ``text`` into the text field identified by ``locator``.</doc>
<msg timestamp="20230305 10:15:43.395" level="INFO">Typing text 'Smith' into text field 'lastname'.</msg>
<status status="PASS" starttime="20230305 10:15:43.395" endtime="20230305 10:15:43.513"/>
</kw>
<kw name="Select From List By Value" library="RPA.Browser.Selenium">
<arg>salestarget</arg>
<arg>10000</arg>
<doc>Selects options from selection list ``locator`` by ``values``.</doc>
<msg timestamp="20230305 10:15:43.521" level="INFO">Selecting options from selection list 'salestarget' by value 10000.</msg>
<status status="PASS" starttime="20230305 10:15:43.521" endtime="20230305 10:15:43.637"/>
</kw>
<kw name="Input Text" library="RPA.Browser.Selenium">
<arg>salesresult</arg>
<arg>123</arg>
<doc>Types the given ``text`` into the text field identified by ``locator``.</doc>
<msg timestamp="20230305 10:15:43.637" level="INFO">Typing text '123' into text field 'salesresult'.</msg>
<status status="PASS" starttime="20230305 10:15:43.637" endtime="20230305 10:15:43.745"/>
</kw>
<kw name="Click Button" library="RPA.Browser.Selenium">
<arg>Submit</arg>
<doc>Clicks the button identified by ``locator``.</doc>
<msg timestamp="20230305 10:15:43.745" level="INFO">Clicking button 'Submit'.</msg>
<status status="PASS" starttime="20230305 10:15:43.745" endtime="20230305 10:15:43.908"/>
</kw>
<status status="PASS" starttime="20230305 10:15:43.280" endtime="20230305 10:15:43.908"/>
</kw>
<status status="PASS" starttime="20230305 10:15:33.356" endtime="20230305 10:15:43.908"/>
</test>
<doc>Insert the sales data for the week and export it as a PDF.</doc>
<status status="PASS" starttime="20230305 10:15:30.393" endtime="20230305 10:15:43.908"/>
</suite>
<statistics>
<total>
<stat pass="1" fail="0" skip="0">All Tasks</stat>
</total>
<tag>
</tag>
<suite>
<stat pass="1" fail="0" skip="0" id="s1" name="Tasks">Tasks</stat>
</suite>
</statistics>
<errors>
</errors>
</robot>
